#
# There is insufficient memory for the Java Runtime Environment to continue.
# Native memory allocation (mmap) failed to map 266338304 bytes. Error detail: G1 virtual space
# Possible reasons:
#   The system is out of physical RAM or swap space
#   This process is running with CompressedOops enabled, and the Java Heap may be blocking the growth of the native heap
# Possible solutions:
#   Reduce memory load on the system
#   Increase physical memory or swap space
#   Check if swap backing store is full
#   Decrease Java heap size (-Xmx/-Xms)
#   Decrease number of Java threads
#   Decrease Java thread stack sizes (-Xss)
#   Set larger code cache with -XX:ReservedCodeCacheSize=
#   JVM is running with Zero Based Compressed Oops mode in which the Java heap is
#     placed in the first 32GB address space. The Java Heap base address is the
#     maximum limit for the native heap growth. Please use -XX:HeapBaseMinAddress
#     to set the Java Heap base and to place the Java Heap above 32GB virtual address.
# This output file may be truncated or incomplete.
#
#  Out of Memory Error (os_windows.cpp:3631), pid=33812, tid=21428
#
# JRE version:  (22.0.2+9) (build )
# Java VM: OpenJDK 64-Bit Server VM (22.0.2+9-FR, mixed mode, emulated-client, sharing, tiered, compressed oops, compressed class ptrs, g1 gc, windows-amd64)
# No core dump will be written. Minidumps are not enabled by default on client versions of Windows
#

---------------  S U M M A R Y ------------

Command Line: -XX:TieredStopAtLevel=1 -Dspring.output.ansi.enabled=always -Dcom.sun.management.jmxremote -Dspring.jmx.enabled=true -Dspring.liveBeansView.mbeanDomain -Dspring.application.admin.enabled=true -Dmanagement.endpoints.jmx.exposure.include=* -javaagent:D:\IntelliJ IDEA 2024.1.4\lib\idea_rt.jar=62784:D:\IntelliJ IDEA 2024.1.4\bin -Dfile.encoding=UTF-8 -Dsun.stdout.encoding=UTF-8 -Dsun.stderr.encoding=UTF-8 com.zpy.DemoApplication

Host: 11th Gen Intel(R) Core(TM) i5-11320H @ 3.20GHz, 8 cores, 15G,  Windows 11 , 64 bit Build 22621 (10.0.22621.317)
Time: Tue Mar  4 14:44:21 2025  Windows 11 , 64 bit Build 22621 (10.0.22621.317) elapsed time: 0.020627 seconds (0d 0h 0m 0s)

---------------  T H R E A D  ---------------

Current thread (0x0000021c0ff4b760):  JavaThread "Unknown thread" [_thread_in_vm, id=21428, stack(0x000000578a800000,0x000000578a900000) (1024K)]

Stack: [0x000000578a800000,0x000000578a900000]
Native frames: (J=compiled Java code, j=interpreted, Vv=VM code, C=native code)
V  [jvm.dll+0x6f7bb9]  (no source info available)
V  [jvm.dll+0x8dc245]  (no source info available)
V  [jvm.dll+0x8de4ae]  (no source info available)
V  [jvm.dll+0x8deb93]  (no source info available)
V  [jvm.dll+0x28d336]  (no source info available)
V  [jvm.dll+0x6f4295]  (no source info available)
V  [jvm.dll+0x6e899a]  (no source info available)
V  [jvm.dll+0x369e6b]  (no source info available)
V  [jvm.dll+0x372386]  (no source info available)
V  [jvm.dll+0x3c4bf6]  (no source info available)
V  [jvm.dll+0x3c4ec8]  (no source info available)
V  [jvm.dll+0x33c86c]  (no source info available)
V  [jvm.dll+0x33d668]  (no source info available)
V  [jvm.dll+0x8a329c]  (no source info available)
V  [jvm.dll+0x3d2271]  (no source info available)
V  [jvm.dll+0x88c17c]  (no source info available)
V  [jvm.dll+0x46b7ae]  (no source info available)
V  [jvm.dll+0x46d5f1]  (no source info available)
C  [jli.dll+0x52ab]  (no source info available)
C  [ucrtbase.dll+0x29363]  (no source info available)
C  [KERNEL32.DLL+0x1244d]  (no source info available)
C  [ntdll.dll+0x5df78]  (no source info available)


---------------  P R O C E S S  ---------------

Threads class SMR info:
_java_thread_list=0x00007ffa04c3c648, length=0, elements={
}

Java Threads: ( => current thread )
Total: 0

Other Threads:
  0x0000021c0ffb2000 WorkerThread "GC Thread#0"                     [id=35504, stack(0x000000578a900000,0x000000578aa00000) (1024K)]
  0x0000021c0ffc35a0 ConcurrentGCThread "G1 Main Marker"            [id=30064, stack(0x000000578aa00000,0x000000578ab00000) (1024K)]
  0x0000021c0ffc5060 WorkerThread "G1 Conc#0"                       [id=30652, stack(0x000000578ab00000,0x000000578ac00000) (1024K)]

[error occurred during error reporting (printing all threads), id 0xc0000005, EXCEPTION_ACCESS_VIOLATION (0xc0000005) at pc=0x00007ffa04320547]
VM state: not at safepoint (not fully initialized)

VM Mutex/Monitor currently owned by a thread:  ([mutex/lock_event])
[0x00007ffa04cc0010] Heap_lock - owner thread: 0x0000021c0ff4b760

Heap address: 0x0000000703600000, size: 4042 MB, Compressed Oops mode: Zero based, Oop shift amount: 3

CDS archive(s) mapped at: [0x0000000000000000-0x0000000000000000-0x0000000000000000), size 0, SharedBaseAddress: 0x0000000800000000, ArchiveRelocationMode: 1.
Narrow klass base: 0x0000000000000000, Narrow klass shift: 0, Narrow klass range: 0x0

GC Precious Log:
 CardTable entry size: 512
 Card Set container configuration: InlinePtr #cards 4 size 8 Array Of Cards #cards 16 size 48 Howl #buckets 8 coarsen threshold 3686 Howl Bitmap #cards 512 size 80 coarsen threshold 460 Card regions per heap region 1 cards per card region 4096

Heap:
 garbage-first heap   total reserved 4139008K, committed 0K, used 0K [0x0000000703600000, 0x0000000800000000)
  region size 2048K, 0 young (0K), 0 survivors (0K)

[error occurred during error reporting (printing heap information), id 0xc0000005, EXCEPTION_ACCESS_VIOLATION (0xc0000005) at pc=0x00007ffa047247c9]
GC Heap History (0 events):
No events

Dll operation events (1 events):
Event: 0.017 Loaded shared library C:\Users\49465\.jdks\corretto-22.0.2\bin\java.dll

Deoptimization events (0 events):
No events

Classes loaded (0 events):
No events

Classes unloaded (0 events):
No events

Classes redefined (0 events):
No events

Internal exceptions (0 events):
No events

ZGC Phase Switch (0 events):
No events

VM Operations (0 events):
No events

Memory protections (0 events):
No events

Nmethod flushes (0 events):
No events

Events (0 events):
No events


Dynamic libraries:
0x00007ff6f8600000 - 0x00007ff6f860e000 	C:\Users\49465\.jdks\corretto-22.0.2\bin\java.exe
0x00007ffb279d0000 - 0x00007ffb27be4000 	C:\Windows\SYSTEM32\ntdll.dll
0x00007ffb266a0000 - 0x00007ffb26762000 	C:\Windows\System32\KERNEL32.DLL
0x00007ffb25380000 - 0x00007ffb2571c000 	C:\Windows\System32\KERNELBASE.dll
0x00007ffb24f60000 - 0x00007ffb25071000 	C:\Windows\System32\ucrtbase.dll
0x00007ffacf460000 - 0x00007ffacf477000 	C:\Users\49465\.jdks\corretto-22.0.2\bin\jli.dll
0x00007ffacf820000 - 0x00007ffacf83b000 	C:\Users\49465\.jdks\corretto-22.0.2\bin\VCRUNTIME140.dll
0x00007ffb25e30000 - 0x00007ffb25fdb000 	C:\Windows\System32\USER32.dll
0x00007ffb24e10000 - 0x00007ffb24e36000 	C:\Windows\System32\win32u.dll
0x00007ffb0b4f0000 - 0x00007ffb0b77e000 	C:\Windows\WinSxS\amd64_microsoft.windows.common-controls_6595b64144ccf1df_6.0.22621.317_none_a9434687c10c9fa2\COMCTL32.dll
0x00007ffb26930000 - 0x00007ffb26959000 	C:\Windows\System32\GDI32.dll
0x00007ffb25d80000 - 0x00007ffb25e27000 	C:\Windows\System32\msvcrt.dll
0x00007ffb251f0000 - 0x00007ffb25302000 	C:\Windows\System32\gdi32full.dll
0x00007ffb24ec0000 - 0x00007ffb24f5a000 	C:\Windows\System32\msvcp_win.dll
0x00007ffb25950000 - 0x00007ffb25981000 	C:\Windows\System32\IMM32.DLL
0x00007ffafd640000 - 0x00007ffafd64c000 	C:\Users\49465\.jdks\corretto-22.0.2\bin\vcruntime140_1.dll
0x00007ffa7aff0000 - 0x00007ffa7b07d000 	C:\Users\49465\.jdks\corretto-22.0.2\bin\msvcp140.dll
0x00007ffa03fd0000 - 0x00007ffa04da1000 	C:\Users\49465\.jdks\corretto-22.0.2\bin\server\jvm.dll
0x00007ffb27850000 - 0x00007ffb278fe000 	C:\Windows\System32\ADVAPI32.dll
0x00007ffb277a0000 - 0x00007ffb27844000 	C:\Windows\System32\sechost.dll
0x00007ffb257e0000 - 0x00007ffb258f5000 	C:\Windows\System32\RPCRT4.dll
0x00007ffb25d00000 - 0x00007ffb25d71000 	C:\Windows\System32\WS2_32.dll
0x00007ffb23c70000 - 0x00007ffb23cbd000 	C:\Windows\SYSTEM32\POWRPROF.dll
0x00007ffb191a0000 - 0x00007ffb191aa000 	C:\Windows\SYSTEM32\VERSION.dll
0x00007ffb1ac50000 - 0x00007ffb1ac84000 	C:\Windows\SYSTEM32\WINMM.dll
0x00007ffb23c50000 - 0x00007ffb23c63000 	C:\Windows\SYSTEM32\UMPDC.dll
0x00007ffb23ea0000 - 0x00007ffb23eb8000 	C:\Windows\SYSTEM32\kernel.appcore.dll
0x00007ffaf9040000 - 0x00007ffaf904a000 	C:\Users\49465\.jdks\corretto-22.0.2\bin\jimage.dll
0x00007ffb22040000 - 0x00007ffb2226e000 	C:\Windows\SYSTEM32\DBGHELP.DLL
0x00007ffb272c0000 - 0x00007ffb27649000 	C:\Windows\System32\combase.dll
0x00007ffb25ba0000 - 0x00007ffb25c77000 	C:\Windows\System32\OLEAUT32.dll
0x00007ffb0c9d0000 - 0x00007ffb0ca02000 	C:\Windows\SYSTEM32\dbgcore.DLL
0x00007ffb24e40000 - 0x00007ffb24ebb000 	C:\Windows\System32\bcryptPrimitives.dll
0x00007ffaf16d0000 - 0x00007ffaf16de000 	C:\Users\49465\.jdks\corretto-22.0.2\bin\instrument.dll
0x00007ffacee80000 - 0x00007ffacee9e000 	C:\Users\49465\.jdks\corretto-22.0.2\bin\java.dll
0x00007ffb26a80000 - 0x00007ffb2725b000 	C:\Windows\System32\SHELL32.dll
0x00007ffb25a00000 - 0x00007ffb25b9c000 	C:\Windows\System32\ole32.dll

dbghelp: loaded successfully - version: 4.0.5 - missing functions: none
symbol engine: initialized successfully - sym options: 0x614 - pdb path: .;C:\Users\49465\.jdks\corretto-22.0.2\bin;C:\Windows\SYSTEM32;C:\Windows\WinSxS\amd64_microsoft.windows.common-controls_6595b64144ccf1df_6.0.22621.317_none_a9434687c10c9fa2;C:\Users\49465\.jdks\corretto-22.0.2\bin\server

VM Arguments:
jvm_args: -XX:TieredStopAtLevel=1 -Dspring.output.ansi.enabled=always -Dcom.sun.management.jmxremote -Dspring.jmx.enabled=true -Dspring.liveBeansView.mbeanDomain -Dspring.application.admin.enabled=true -Dmanagement.endpoints.jmx.exposure.include=* -javaagent:D:\IntelliJ IDEA 2024.1.4\lib\idea_rt.jar=62784:D:\IntelliJ IDEA 2024.1.4\bin -Dfile.encoding=UTF-8 -Dsun.stdout.encoding=UTF-8 -Dsun.stderr.encoding=UTF-8 
java_command: com.zpy.DemoApplication
java_class_path (initial): D:\student_class_system\system-select-course\target\classes;C:\Users\49465\.m2\repository\com\alibaba\fastjson\1.2.78\fastjson-1.2.78.jar;C:\Users\49465\.m2\repository\org\springframework\boot\spring-boot-starter-websocket\2.7.3\spring-boot-starter-websocket-2.7.3.jar;C:\Users\49465\.m2\repository\org\springframework\spring-messaging\5.3.22\spring-messaging-5.3.22.jar;C:\Users\49465\.m2\repository\org\springframework\spring-beans\5.3.22\spring-beans-5.3.22.jar;C:\Users\49465\.m2\repository\org\springframework\spring-websocket\5.3.22\spring-websocket-5.3.22.jar;C:\Users\49465\.m2\repository\org\springframework\spring-context\5.3.22\spring-context-5.3.22.jar;C:\Users\49465\.m2\repository\javax\mail\javax.mail-api\1.5.6\javax.mail-api-1.5.6.jar;C:\Users\49465\.m2\repository\com\sun\mail\javax.mail\1.5.3\javax.mail-1.5.3.jar;C:\Users\49465\.m2\repository\javax\activation\activation\1.1\activation-1.1.jar;C:\Users\49465\.m2\repository\com\github\pagehelper\pagehelper-spring-boot-starter\1.4.1\pagehelper-spring-boot-starter-1.4.1.jar;C:\Users\49465\.m2\repository\org\springframework\boot\spring-boot-starter\2.7.3\spring-boot-starter-2.7.3.jar;C:\Users\49465\.m2\repository\org\springframework\boot\spring-boot\2.7.3\spring-boot-2.7.3.jar;C:\Users\49465\.m2\repository\org\springframework\boot\spring-boot-starter-logging\2.7.3\spring-boot-starter-logging-2.7.3.jar;C:\Users\49465\.m2\repository\ch\qos\logback\logback-classic\1.2.11\logback-classic-1.2.11.jar;C:\Users\49465\.m2\repository\ch\qos\logback\logback-core\1.2.11\logback-core-1.2.11.jar;C:\Users\49465\.m2\repository\org\apache\logging\log4j\log4j-to-slf4j\2.17.2\log4j-to-slf4j-2.17.2.jar;C:\Users\49465\.m2\repository\org\apache\logging\log4j\log4j-api\2.17.2\log4j-api-2.17.2.jar;C:\Users\49465\.m2\repository\org\slf4j\jul-to-slf4j\1.7.36\jul-to-slf4j-1.7.36.jar;C:\Users\49465\.m2\repository\jakarta\annotation\jakarta.annotation-api\1.3.5\jakarta.annotation-api-1.3.5.jar;C:\Users\49465\.m2\repository\org\yaml\snakeyaml\1.30\snakeyaml-1.30.jar;C:\Users\49465\.m2\repository\com\github\pagehelper\pagehelper-spring-boot-autoconfigure\1.4.1\pagehelper-spring-boot-autoconfigure-1.4.1.jar;C:\Users\49465\.m2\repository\com\github\pagehelper\pagehelper\5.3.0\pagehelper-5.3.0.jar;C:\Users\49465\.m2\repository\com\github\jsqlparser\jsqlparser\4.2\jsqlparser-4.2.jar;C:\Users\49465\.m2\repository\org\springframework\boot\spring-boot-starter-thymeleaf\2.7.3\spring-boot-starter-thymeleaf-2.7.3.jar;C:\Users\49465\.m2\repository\org\thymeleaf\thymeleaf-spring5\3.0.15.RELEASE\thymeleaf-spring5-3.0.15.RELEASE.jar;C:\Users\49465\.m2\repository\org\thymeleaf\thymeleaf\3.0.15.RELEASE\thymeleaf-3.0.15.RELEASE.jar;C:\Users\49465\.m2\repository\org\attoparser\attoparser\2.0.5.RELEASE\attoparser-2.0.5.RELEASE.jar;C:\Users\49465\.m2\repository\org\unbescape\unbescape\1.1.6.RELEASE\unbescape-1.1.6.RELEASE.jar;C:\Users\49465\.m2\repository\org\thymeleaf\extras\thymeleaf-extras-java8time\3.0.4.RELEASE\thymeleaf-extras-java8time-3.0.4.RELEASE.jar;C:\Users\49465\.m2\repository\org\springframework\spring-core\5.3.22\spring-core-5.3.22.jar;C:\Users\49465\.m2\repository\org\springframework\spring-jcl\5.3.22\spring-jcl-5.3.22.jar;C:\Users\49465\.m2\repository\org\springframework\boot\spring-boot-starter-web\2.7.3\spring-boot-starter-web-2.7.3.jar;C:\Users\49465\.m2\repository\org\springframework\boot\spring-boot-starter-json\2.7.3\spring-boot-starter-json-2.7.3.jar;C:\Users\49465\.m2\repository\com\fasterxml\jackson\core\jackson-databind\2.13.3\jackson-databind-2.13.3.jar;C:\Users\49465\.m2\repository\com\fasterxml\jackson\core\jackson-annotations\2.13.3\jackson-annotations-2.13.3.jar;C:\Users\49465\.m2\repository\com\fasterxml\jackson\core\jackson-core\2.13.3\jackson-core-2.13.3.jar;C:\Users\49465\.m2\repository\com\fasterxml\jackson\datatype\jackson-datatype-jdk8\2.13.3\jackson-datatype-jdk8-2.13.3.jar;C:\Users\49465\.m2\repository\com\fasterxml\jackson\datatype\jackson-datatype-jsr310\2.13.3\jackson-datatype-jsr310-2.13.3.jar;C:\Users\49465\.m2\repository\com\fasterxml\jackson\module\jackson-module-parameter-names\2.13.3\jackson-module-parameter-names-2.13.3.jar;C:\Users\49465\.m2\repository\org\springframework\boot\spring-boot-starter-tomcat\2.7.3\spring-boot-starter-tomcat-2.7.3.jar;C:\Users\49465\.m2\repository\org\apache\tomcat\embed\tomcat-embed-core\9.0.65\tomcat-embed-core-9.0.65.jar;C:\Users\49465\.m2\repository\org\apache\tomcat\embed\tomcat-embed-el\9.0.65\tomcat-embed-el-9.0.65.jar;C:\Users\49465\.m2\repository\org\apache\tomcat\embed\tomcat-embed-websocket\9.0.65\tomcat-embed-websocket-9.0.65.jar;C:\Users\49465\.m2\repository\org\springframework\spring-web\5.3.22\spring-web-5.3.22.jar;C:\Users\49465\.m2\repository\org\springframework\spring-webmvc\5.3.22\spring-webmvc-5.3.22.jar;C:\Users\49465\.m2\repository\org\springframework\spring-aop\5.3.22\spring-aop-5.3.22.jar;C:\Users\49465\.m2\repository\org\springframework\spring-expression\5.3.22\spring-expression-5.3.22.jar;C:\Users\49465\.m2\repository\org\mybatis\spring\boot\mybatis-spring-boot-starter\2.2.2\mybatis-spring-boot-starter-2.2.2.jar;C:\Users\49465\.m2\repository\org\springframework\boot\spring-boot-starter-jdbc\2.7.3\spring-boot-starter-jdbc-2.7.3.jar;C:\Users\49465\.m2\repository\com\zaxxer\HikariCP\4.0.3\HikariCP-4.0.3.jar;C:\Users\49465\.m2\repository\org\springframework\spring-jdbc\5.3.22\spring-jdbc-5.3.22.jar;C:\Users\49465\.m2\repository\org\springframework\spring-tx\5.3.22\spring-tx-5.3.22.jar;C:\Users\49465\.m2\repository\org\mybatis\spring\boot\mybatis-spring-boot-autoconfigure\2.2.2\mybatis-spring-boot-autoconfigure-2.2.2.jar;C:\Users\49465\.m2\repository\org\mybatis\mybatis\3.5.9\mybatis-3.5.9.jar;C:\Users\49465\.m2\repository\org\mybatis\mybatis-spring\2.0.7\mybatis-spring-2.0.7.jar;C:\Users\49465\.m2\repository\mysql\mysql-connector-java\8.0.28\mysql-connector-java-8.0.28.jar;C:\Users\49465\.m2\repository\org\projectlombok\lombok\1.18.30\lombok-1.18.30.jar;C:\Users\49465\.m2\repository\org\springframework\boot\spring-boot-starter-actuator\2.3.0.RELEASE\spring-boot-starter-actuator-2.3.0.RELEASE.jar;C:\Users\49465\.m2\repository\org\springframework\boot\spring-boot-actuator-autoconfigure\2.7.3\spring-boot-actuator-autoconfigure-2.7.3.jar;C:\Users\49465\.m2\repository\org\springframework\boot\spring-boot-actuator\2.7.3\spring-boot-actuator-2.7.3.jar;C:\Users\49465\.m2\repository\io\micrometer\micrometer-core\1.9.3\micrometer-core-1.9.3.jar;C:\Users\49465\.m2\repository\org\hdrhistogram\HdrHistogram\2.1.12\HdrHistogram-2.1.12.jar;C:\Users\49465\.m2\repository\org\latencyutils\LatencyUtils\2.0.3\LatencyUtils-2.0.3.jar;C:\Users\49465\.m2\repository\com\baomidou\mybatis-plus-boot-starter\3.0.5\mybatis-plus-boot-starter-3.0.5.jar;C:\Users\49465\.m2\repository\com\baomidou\mybatis-plus\3.0.5\mybatis-plus-3.0.5.jar;C:\Users\49465\.m2\repository\com\baomidou\mybatis-plus-extension\3.0.5\mybatis-plus-extension-3.0.5.jar;C:\Users\49465\.m2\repository\com\baomidou\mybatis-plus-core\3.0.5\mybatis-plus-core-3.0.5.jar;C:\Users\49465\.m2\repository\com\baomidou\mybatis-plus-annotation\3.0.5\mybatis-plus-annotation-3.0.5.jar;C:\Users\49465\.m2\repository\com\baomidou\mybatis-plus-generator\3.0.5\mybatis-plus-generator-3.0.5.jar;C:\Users\49465\.m2\repository\org\springframework\boot\spring-boot-autoconfigure\2.7.3\spring-boot-autoconfigure-2.7.3.jar;C:\Users\49465\.m2\repository\org\springframework\boot\spring-boot-configuration-processor\2.7.3\spring-boot-configuration-processor-2.7.3.jar;C:\Users\49465\.m2\repository\com\alibaba\druid-spring-boot-starter\1.2.8\druid-spring-boot-starter-1.2.8.jar;C:\Users\49465\.m2\repository\com\alibaba\druid\1.2.8\druid-1.2.8.jar;C:\Users\49465\.m2\repository\javax\annotation\javax.annotation-api\1.3.2\javax.annotation-api-1.3.2.jar;C:\Users\49465\.m2\repository\org\slf4j\slf4j-api\1.7.36\slf4j-api-1.7.36.jar;C:\Users\49465\.m2\repository\cn\hutool\hutool-all\5.1.0\hutool-all-5.1.0.jar;C:\Users\49465\.m2\repository\org\webjars\bootstrap\3.3.7\bootstrap-3.3.7.jar;C:\Users\49465\.m2\repository\org\webjars\jquery\3.3.1\jquery-3.3.1.jar
Launcher Type: SUN_STANDARD

[Global flags]
     intx CICompilerCount                          = 4                                         {product} {ergonomic}
     uint ConcGCThreads                            = 2                                         {product} {ergonomic}
     uint G1ConcRefinementThreads                  = 8                                         {product} {ergonomic}
   size_t G1HeapRegionSize                         = 2097152                                   {product} {ergonomic}
   size_t InitialHeapSize                          = 266338304                                 {product} {ergonomic}
     bool ManagementServer                         = true                                      {product} {command line}
   size_t MarkStackSize                            = 4194304                                   {product} {ergonomic}
   size_t MaxHeapSize                              = 4238344192                                {product} {ergonomic}
   size_t MinHeapDeltaBytes                        = 2097152                                   {product} {ergonomic}
   size_t MinHeapSize                              = 8388608                                   {product} {ergonomic}
    uintx NonNMethodCodeHeapSize                   = 4096                                   {pd product} {ergonomic}
    uintx NonProfiledCodeHeapSize                  = 0                                      {pd product} {ergonomic}
     bool ProfileInterpreter                       = false                                  {pd product} {command line}
    uintx ProfiledCodeHeapSize                     = 0                                      {pd product} {ergonomic}
   size_t SoftMaxHeapSize                          = 4238344192                             {manageable} {ergonomic}
     intx TieredStopAtLevel                        = 1                                         {product} {command line}
     bool UseCompressedOops                        = true                           {product lp64_product} {ergonomic}
     bool UseG1GC                                  = true                                      {product} {ergonomic}
     bool UseLargePagesIndividualAllocation        = false                                  {pd product} {ergonomic}

Logging:
Log output configuration:
 #0: stdout all=warning uptime,level,tags foldmultilines=false
 #1: stderr all=off uptime,level,tags foldmultilines=false

Environment Variables:
PATH=D:\bin\;D:\anaconda3;D:\anaconda3\Library\mingw-w64\bin;D:\anaconda3\Library\usr\bin;D:\anaconda3\Library\bin;D:\anaconda3\Scripts;C:\Program Files (x86)\OpenSSH-Win64;C:\Program Files\Common Files\Oracle\Java\javapath;C:\Windows\system32;C:\Windows;C:\Windows\System32\Wbem;C:\Windows\System32\WindowsPowerShell\v1.0\;C:\Windows\System32\OpenSSH\;D:\PYCHARM\PyCharm 2020.3.5\bin\pycharm.ico;D:\PYCHARM\PyCharm 2020.3.5\bin\pycharm64.exe;C:\Users\49465\AppData\Roaming\Microsoft\Windows\Start Menu\Programs\Python 3.8\Python 3.8 (64-bit).lnk;C:\Users\49465\AppData\Roaming\Microsoft\Windows\Start Menu\Programs\Python 3.8\IDLE (Python 3.8 64-bit).lnk;C:\Users\49465\AppData\Roaming\Microsoft\Windows\Start Menu\Programs\Python 3.8\Python 3.8 Manuals (64-bit).lnk;C:\Users\49465\AppData\Roaming\Microsoft\Windows\Start Menu\Programs\Python 3.8\Python 3.8 Module Docs (64-bit).lnk;C:\Users\49465\PycharmProjects\pythonProject\venv\Scripts;D:\JAVA SE\bin\api-ms-win-core-datetime-l1-1-0.dll;D:\JAVA SE\bin;D:\neo4j-community-5.10.0\bin;D:\neo4j-community-5.10.0\bin;D:\ffmpeg-6.0-essentials_build;D:\ffmpeg-6.0-essentials_build\ffmpeg-6.0-essentials_build\bin;D:\ffmpeg-6.0-essentials_build\ffmpeg-6.0-essentials_build\bin\ffmpeg.exe;D:\Git\cmd;C:\Users\49465\OpenSSH-Win64\sshd_config_default;C:\ProgramData\chocolatey\bin;C:\Program Files\Common Files\Oracle\Java\javafx-sdk-20.0.2\lib;C:\Program Files\Common Files\Oracle\Java\javafx-sdk-20.0.2\bin;D:\IntelliJ IDEA Community Edition 2023.1.2\bin;C:\Program Files\Bandizip\;D:\MinGW\MinGW\bin;D:\sqlllll\bin;D:\sqlll\bin;D:\sq\bin;C:\Users\49465\AppData\Local\Programs\Python\Python311\Scripts\;C:\Users\49465\AppData\Local\Programs\Python\Python311\;C:\Users\49465\AppData\Local\Microsoft\WindowsApps;D:\PyCharm 2024.1.4\bin;;D:\Microsoft VS Code\bin;D:\PyCharm Community Edition 2023.2\bin;;D:\DataGrip 2023.2.3\bin;;C:\Users\49465\AppData\Local\GitHubDesktop\bin;D:\IntelliJ IDEA 2024.1.4\bin;;D:\IntelliJ IDEA Community Edition 2024.3.1.1\bin;
USERNAME=49465
OS=Windows_NT
PROCESSOR_IDENTIFIER=Intel64 Family 6 Model 140 Stepping 2, GenuineIntel
TMP=C:\Users\49465\AppData\Local\Temp
TEMP=C:\Users\49465\AppData\Local\Temp




Periodic native trim disabled

---------------  S Y S T E M  ---------------

OS:
 Windows 11 , 64 bit Build 22621 (10.0.22621.317)
OS uptime: 0 days 21:21 hours
Hyper-V role detected

CPU: total 8 (initial active 8) (4 cores per cpu, 2 threads per core) family 6 model 140 stepping 2 microcode 0x22, cx8, cmov, fxsr, ht, mmx, 3dnowpref, sse, sse2, sse3, ssse3, sse4.1, sse4.2, popcnt, lzcnt, tsc, tscinvbit, avx, avx2, aes, erms, clmul, bmi1, bmi2, adx, avx512f, avx512dq, avx512cd, avx512bw, avx512vl, sha, fma, vzeroupper, avx512_vpopcntdq, avx512_vpclmulqdq, avx512_vaes, avx512_vnni, clflush, clflushopt, clwb, avx512_vbmi2, avx512_vbmi, hv, rdtscp, rdpid, fsrm, gfni, avx512_bitalg, f16c, cet_ibt, cet_ss, avx512_ifma
Processor Information for all 8 processors :
  Max Mhz: 3187, Current Mhz: 3187, Mhz Limit: 3187

Memory: 4k page, system-wide physical 16167M (1164M free)
TotalPageFile size 27128M (AvailPageFile size 49M)
current process WorkingSet (physical memory assigned to process): 13M, peak: 13M
current process commit charge ("private bytes"): 56M, peak: 309M

vm_info: OpenJDK 64-Bit Server VM (22.0.2+9-FR) for windows-amd64 JRE (22.0.2+9-FR), built on 2024-07-09T01:10:09Z by "Administrator" with MS VC++ 16.10 / 16.11 (VS2019)

END.
